# JRE version: OpenJDK Runtime Environment Microsoft-13877129 (17.0.19+10) (build 17.0.19+10-LTS)
# Java VM: OpenJDK 64-Bit Server VM Microsoft-13877129 (17.0.19+10-LTS, mixed mode, emulated-client, sharing, tiered, compressed oops, compressed class ptrs, g1 gc, windows-amd64)
GC Precious Log:
 CPUs: 8 total, 8 available
 Memory: 16242M
 Large Page Support: Disabled
 NUMA Support: Disabled
 Compressed Oops: Enabled (Zero based)
 Heap Region Size: 2M
 Heap Min Capacity: 8M
 Heap Initial Capacity: 254M
 Heap Max Capacity: 4062M
 Pre-touch: Disabled
 Parallel Workers: 8
 Concurrent Workers: 2
 Concurrent Refinement Workers: 8
 Periodic GC: Disabled
Heap:
 garbage-first heap   total 61440K, used 26452K [0x0000000702200000, 0x0000000800000000)
  region size 2048K, 1 young (2048K), 1 survivors (2048K)
 Metaspace       used 43868K, committed 44416K, reserved 1114112K
  class space    used 6426K, committed 6720K, reserved 1048576K
GC Heap History (20 events):
Event: 5.730 GC heap after
{Heap after GC invocations=3 (full 0):
 garbage-first heap   total 260096K, used 15086K [0x0000000702200000, 0x0000000800000000)
  region size 2048K, 3 young (6144K), 3 survivors (6144K)
 Metaspace       used 19960K, committed 20352K, reserved 1114112K
  class space    used 2800K, committed 2944K, reserved 1048576K
}
Event: 5.885 GC heap before
{Heap before GC invocations=3 (full 0):
 garbage-first heap   total 260096K, used 25326K [0x0000000702200000, 0x0000000800000000)
  region size 2048K, 9 young (18432K), 3 survivors (6144K)
 Metaspace       used 21132K, committed 21504K, reserved 1114112K
  class space    used 2958K, committed 3136K, reserved 1048576K
}
Event: 5.891 GC heap after
{Heap after GC invocations=4 (full 0):
 garbage-first heap   total 260096K, used 15890K [0x0000000702200000, 0x0000000800000000)
  region size 2048K, 3 young (6144K), 3 survivors (6144K)
 Metaspace       used 21132K, committed 21504K, reserved 1114112K
  class space    used 2958K, committed 3136K, reserved 1048576K
}
Event: 6.702 GC heap before
{Heap before GC invocations=5 (full 0):
 garbage-first heap   total 61440K, used 44562K [0x0000000702200000, 0x0000000800000000)
  region size 2048K, 18 young (36864K), 3 survivors (6144K)
 Metaspace       used 24420K, committed 24832K, reserved 1114112K
  class space    used 3408K, committed 3584K, reserved 1048576K
}
Event: 6.710 GC heap after
{Heap after GC invocations=6 (full 0):
 garbage-first heap   total 61440K, used 18254K [0x0000000702200000, 0x0000000800000000)
  region size 2048K, 2 young (4096K), 2 survivors (4096K)
 Metaspace       used 24420K, committed 24832K, reserved 1114112K
  class space    used 3408K, committed 3584K, reserved 1048576K
}
Event: 6.782 GC heap before
{Heap before GC invocations=6 (full 0):
 garbage-first heap   total 61440K, used 20302K [0x0000000702200000, 0x0000000800000000)
  region size 2048K, 3 young (6144K), 2 survivors (4096K)
 Metaspace       used 24469K, committed 24832K, reserved 1114112K
  class space    used 3414K, committed 3584K, reserved 1048576K
}
Event: 6.787 GC heap after
{Heap after GC invocations=7 (full 0):
 garbage-first heap   total 61440K, used 18700K [0x0000000702200000, 0x0000000800000000)
  region size 2048K, 1 young (2048K), 1 survivors (2048K)
 Metaspace       used 24469K, committed 24832K, reserved 1114112K
  class space    used 3414K, committed 3584K, reserved 1048576K
}
Event: 7.836 GC heap before
{Heap before GC invocations=7 (full 0):
 garbage-first heap   total 61440K, used 37132K [0x0000000702200000, 0x0000000800000000)
  region size 2048K, 11 young (22528K), 1 survivors (2048K)
 Metaspace       used 27095K, committed 27520K, reserved 1114112K
  class space    used 3801K, committed 3968K, reserved 1048576K
}
Event: 7.840 GC heap after
{Heap after GC invocations=8 (full 0):
 garbage-first heap   total 61440K, used 19579K [0x0000000702200000, 0x0000000800000000)
  region size 2048K, 1 young (2048K), 1 survivors (2048K)
 Metaspace       used 27095K, committed 27520K, reserved 1114112K
  class space    used 3801K, committed 3968K, reserved 1048576K
}
Event: 9.031 GC heap before
{Heap before GC invocations=8 (full 0):
 garbage-first heap   total 61440K, used 42107K [0x0000000702200000, 0x0000000800000000)
  region size 2048K, 12 young (24576K), 1 survivors (2048K)
 Metaspace       used 29914K, committed 30400K, reserved 1114112K
  class space    used 4229K, committed 4480K, reserved 1048576K
}
Event: 9.037 GC heap after
{Heap after GC invocations=9 (full 0):
 garbage-first heap   total 61440K, used 21262K [0x0000000702200000, 0x0000000800000000)
  region size 2048K, 2 young (4096K), 2 survivors (4096K)
 Metaspace       used 29914K, committed 30400K, reserved 1114112K
  class space    used 4229K, committed 4480K, reserved 1048576K
}
Event: 10.036 GC heap before
{Heap before GC invocations=9 (full 0):
 garbage-first heap   total 61440K, used 43790K [0x0000000702200000, 0x0000000800000000)
  region size 2048K, 13 young (26624K), 2 survivors (4096K)
 Metaspace       used 33607K, committed 34048K, reserved 1114112K
  class space    used 4742K, committed 4928K, reserved 1048576K
}
Event: 10.043 GC heap after
{Heap after GC invocations=10 (full 0):
 garbage-first heap   total 61440K, used 23426K [0x0000000702200000, 0x0000000800000000)
  region size 2048K, 2 young (4096K), 2 survivors (4096K)
 Metaspace       used 33607K, committed 34048K, reserved 1114112K
  class space    used 4742K, committed 4928K, reserved 1048576K
}
Event: 10.727 GC heap before
{Heap before GC invocations=10 (full 0):
 garbage-first heap   total 61440K, used 39810K [0x0000000702200000, 0x0000000800000000)
  region size 2048K, 11 young (22528K), 2 survivors (4096K)
 Metaspace       used 35584K, committed 36096K, reserved 1114112K
  class space    used 4959K, committed 5248K, reserved 1048576K
}
Event: 10.735 GC heap after
{Heap after GC invocations=11 (full 0):
 garbage-first heap   total 61440K, used 24897K [0x0000000702200000, 0x0000000800000000)
  region size 2048K, 1 young (2048K), 1 survivors (2048K)
 Metaspace       used 35584K, committed 36096K, reserved 1114112K
  class space    used 4959K, committed 5248K, reserved 1048576K
}
Event: 12.327 GC heap before
{Heap before GC invocations=12 (full 0):
 garbage-first heap   total 61440K, used 45377K [0x0000000702200000, 0x0000000800000000)
  region size 2048K, 11 young (22528K), 1 survivors (2048K)
 Metaspace       used 40156K, committed 40704K, reserved 1114112K
  class space    used 5691K, committed 5952K, reserved 1048576K
}
Event: 12.331 GC heap after
{Heap after GC invocations=13 (full 0):
 garbage-first heap   total 61440K, used 25650K [0x0000000702200000, 0x0000000800000000)
  region size 2048K, 2 young (4096K), 2 survivors (4096K)
 Metaspace       used 40156K, committed 40704K, reserved 1114112K
  class space    used 5691K, committed 5952K, reserved 1048576K
}
Event: 12.460 GC heap before
{Heap before GC invocations=13 (full 0):
 garbage-first heap   total 61440K, used 27698K [0x0000000702200000, 0x0000000800000000)
  region size 2048K, 3 young (6144K), 2 survivors (4096K)
 Metaspace       used 40559K, committed 41152K, reserved 1114112K
  class space    used 5814K, committed 6080K, reserved 1048576K
}
Event: 12.465 GC heap after
{Heap after GC invocations=14 (full 0):
 garbage-first heap   total 61440K, used 25679K [0x0000000702200000, 0x0000000800000000)
  region size 2048K, 1 young (2048K), 1 survivors (2048K)
 Metaspace       used 40559K, committed 41152K, reserved 1114112K
  class space    used 5814K, committed 6080K, reserved 1048576K
}
Event: 13.414 GC heap before
{Heap before GC invocations=14 (full 0):
 garbage-first heap   total 61440K, used 44111K [0x0000000702200000, 0x0000000800000000)
  region size 2048K, 10 young (20480K), 1 survivors (2048K)
 Metaspace       used 43868K, committed 44416K, reserved 1114112K
  class space    used 6426K, committed 6720K, reserved 1048576K
}

